<?xml version="1.0" encoding="UTF-8"?>
<!-- Generated by org.testng.reporters.JUnitXMLReporter -->
<testsuite ignored="1" hostname="BINTERNS-QA35L" failures="0" tests="32" name="Surefire test" time="100.206" errors="0" timestamp="2023-05-25T17:36:23 IST">
  <testcase classname="testmethod.Pharmeasy_footer1" name="Featured_categories" time="0.119"/>
  <testcase classname="testmethod.Pharmeasy_footer1" name="Topproducts" time="3.138"/>
  <testcase classname="testmethod.Pharmeasy_footer1" name="Homet" time="2.346"/>
  <testcase classname="testmethod.Pharmeasy_footer1" name="Megasale" time="4.036"/>
  <testcase classname="testmethod.Pharmeasy_footer1" name="Healthfood" time="5.974"/>
  <testcase classname="testmethod.Pharmeasy_footer1" name="Homecare" time="6.806"/>
  <testcase classname="testmethod.Pharmeasy_footer1" name="Mothercare" time="6.337"/>
  <testcase classname="testmethod.Pharmeasy_footer1" name="Diabeticcare" time="4.662"/>
  <testcase classname="testmethod.Pharmeasy_footer1" name="Accessories" time="4.981"/>
  <testcase classname="testmethod.Pharmeasy_footer1" name="Ayurvediccare" time="10.337"/>
  <testcase classname="testmethod.Pharmeasy_footer1" name="Elderlycare" time="8.636"/>
  <testcase classname="testmethod.Pharmeasy_footer1" name="Need_help" time="0.064"/>
  <testcase classname="testmethod.Pharmeasy_footer1" name="Browseall_medicine" time="2.335"/>
  <testcase classname="testmethod.Pharmeasy_footer1" name="Browseall_medicineB" time="2.14"/>
  <testcase classname="testmethod.Pharmeasy_footer1" name="Browseall_medicineC" time="2.116"/>
  <testcase classname="testmethod.Pharmeasy_footer1" name="Browseall_medicineK" time="2.124"/>
  <testcase classname="testmethod.Pharmeasy_footer1" name="Browseall_medicineR" time="2.11"/>
  <testcase classname="testmethod.Pharmeasy_footer1" name="Browseall_medicineX" time="2.126"/>
  <testcase classname="testmethod.Pharmeasy_footer1" name="Browseall_medicineLast" time="2.121"/>
  <testcase classname="testmethod.Pharmeasy_footer1" name="Browseall_molecules" time="1.961"/>
  <testcase classname="testmethod.Pharmeasy_footer1" name="Browseall_moleculesE" time="2.117"/>
  <testcase classname="testmethod.Pharmeasy_footer1" name="Browseall_moleculesH" time="2.133"/>
  <testcase classname="testmethod.Pharmeasy_footer1" name="Browseall_moleculesM" time="2.106"/>
  <testcase classname="testmethod.Pharmeasy_footer1" name="Browseall_moleculesS" time="2.13"/>
  <testcase classname="testmethod.Pharmeasy_footer1" name="Browseall_cities" time="2.103"/>
  <testcase classname="testmethod.Pharmeasy_footer1" name="Mumbai" time="2.294"/>
  <testcase classname="testmethod.Pharmeasy_footer1" name="Delhi" time="2.274"/>
  <testcase classname="testmethod.Pharmeasy_footer1" name="Chennai" time="2.289"/>
  <testcase classname="testmethod.Pharmeasy_footer1" name="Nagpur" time="2.243"/>
  <testcase classname="testmethod.Pharmeasy_footer1" name="Browseall_stories" time="3.845"/>
  <testcase classname="testmethod.Pharmeasy_footer1" name="Store_near" time="1.052"/>
  <testcase classname="testmethod.Pharmeasy_footer1" name="View_map" time="1.103"/>
  <testcase classname="testmethod.Pharmeasy_footer1" name="Filter_city" time="0.0">
    <ignored/>
  </testcase> <!-- Filter_city -->
</testsuite> <!-- Surefire test -->
