<?xml version="1.0" encoding="UTF-8"?>
<!-- Generated by org.testng.reporters.JUnitXMLReporter -->
<testsuite ignored="0" hostname="BINTERNS-QA35L" failures="0" tests="10" name="Default test" time="16.799" errors="0" timestamp="2023-06-13T10:35:29 IST">
  <testcase classname="testmethod.Pharmeasy_valuestore" name="ValueStore" time="2.233"/>
  <testcase classname="testmethod.Pharmeasy_valuestore" name="Brand" time="2.173"/>
  <testcase classname="testmethod.Pharmeasy_valuestore" name="Brand_Everherb" time="1.109"/>
  <testcase classname="testmethod.Pharmeasy_valuestore" name="Price" time="2.181"/>
  <testcase classname="testmethod.Pharmeasy_valuestore" name="Clear_all" time="1.109"/>
  <testcase classname="testmethod.Pharmeasy_valuestore" name="Popularity" time="1.207"/>
  <testcase classname="testmethod.Pharmeasy_valuestore" name="Giloy" time="2.41"/>
  <testcase classname="testmethod.Pharmeasy_valuestore" name="Aloe_vera" time="1.052"/>
  <testcase classname="testmethod.Pharmeasy_valuestore" name="Offers" time="1.114"/>
  <testcase classname="testmethod.Pharmeasy_valuestore" name="Description" time="2.172"/>
</testsuite> <!-- Default test -->
