<?xml version="1.0" encoding="UTF-8"?>
<!-- Generated by org.testng.reporters.JUnitXMLReporter -->
<testsuite ignored="0" hostname="BINTERNS-QA35L" failures="0" tests="10" name="Test2" time="19.758" errors="0" timestamp="2023-05-23T10:13:49 IST">
  <testcase classname="testmethod.Pharmeasy_valuestore" name="ValueStore" time="4.141"/>
  <testcase classname="testmethod.Pharmeasy_valuestore" name="Brand" time="2.223"/>
  <testcase classname="testmethod.Pharmeasy_valuestore" name="Brand_Everherb" time="1.085"/>
  <testcase classname="testmethod.Pharmeasy_valuestore" name="Price" time="2.164"/>
  <testcase classname="testmethod.Pharmeasy_valuestore" name="Clear_all" time="1.088"/>
  <testcase classname="testmethod.Pharmeasy_valuestore" name="Popularity" time="1.235"/>
  <testcase classname="testmethod.Pharmeasy_valuestore" name="Giloy" time="1.732"/>
  <testcase classname="testmethod.Pharmeasy_valuestore" name="Aloe_vera" time="1.071"/>
  <testcase classname="testmethod.Pharmeasy_valuestore" name="Offers" time="1.775"/>
  <testcase classname="testmethod.Pharmeasy_valuestore" name="Description" time="3.225"/>
</testsuite> <!-- Test2 -->
