<?xml version="1.0" encoding="UTF-8"?>
<!-- Generated by org.testng.reporters.JUnitXMLReporter -->
<testsuite ignored="0" hostname="BINTERNS-QA35L" failures="1" tests="10" name="Test1" time="21.888" errors="0" timestamp="2023-05-23T10:24:10 IST">
  <testcase classname="testmethod.Pharmeasy_valuestore" name="ValueStore" time="5.711"/>
  <testcase classname="testmethod.Pharmeasy_valuestore" name="Brand" time="2.196"/>
  <testcase classname="testmethod.Pharmeasy_valuestore" name="Brand_Everherb" time="1.081"/>
  <testcase classname="testmethod.Pharmeasy_valuestore" name="Price" time="2.175"/>
  <testcase classname="testmethod.Pharmeasy_valuestore" name="Clear_all" time="1.07"/>
  <testcase classname="testmethod.Pharmeasy_valuestore" name="Popularity" time="1.214"/>
  <testcase classname="testmethod.Pharmeasy_valuestore" name="Giloy" time="5.078"/>
  <testcase classname="testmethod.Pharmeasy_valuestore" name="Aloe_vera" time="1.055"/>
  <testcase classname="testmethod.Pharmeasy_valuestore" name="Offers" time="1.12">
    <failure type="java.lang.AssertionError" message="expected [Buy EVERHERB (BY PHARMEASY) ALOE VERA JUICE WITH PULP - REJUVENATES SKIN &amp;amp; HAIR - 1 LITRE BOTTLE Online &amp;amp; Get Upto 60% OFF at PharmEasy] but found [Buy EVERHERB GILOY TULSI JUICE - STRENGTHENS BODY DEFENCE SYSTEM - NATURAL IMMUNITY BOOSTER - 1 LITRE Online &amp;amp; Get Upto 60% OFF at PharmEasy]">
      <![CDATA[java.lang.AssertionError: expected [Buy EVERHERB (BY PHARMEASY) ALOE VERA JUICE WITH PULP - REJUVENATES SKIN & HAIR - 1 LITRE BOTTLE Online & Get Upto 60% OFF at PharmEasy] but found [Buy EVERHERB GILOY TULSI JUICE - STRENGTHENS BODY DEFENCE SYSTEM - NATURAL IMMUNITY BOOSTER - 1 LITRE Online & Get Upto 60% OFF at PharmEasy]
at testpage.Pharmeasy_page.Offers(Pharmeasy_page.java:369)
at testmethod.Pharmeasy_valuestore.Offers(Pharmeasy_valuestore.java:80)
at java.base/java.util.ArrayList.forEach(ArrayList.java:1511)
... Removed 33 stack frames]]>
    </failure>
  </testcase> <!-- Offers -->
  <testcase classname="testmethod.Pharmeasy_valuestore" name="Description" time="1.155"/>
</testsuite> <!-- Test1 -->
