<?xml version="1.0" encoding="UTF-8"?>
<testng-results ignored="1" total="33" passed="32" failed="0" skipped="0">
  <reporter-output>
  </reporter-output>
  <suite started-at="2023-05-25T17:34:43 IST" name="Surefire suite" finished-at="2023-05-25T17:36:23 IST" duration-ms="100206">
    <groups>
    </groups>
    <test started-at="2023-05-25T17:34:43 IST" name="Surefire test" finished-at="2023-05-25T17:36:23 IST" duration-ms="100206">
      <class name="testmethod.Pharmeasy_footer1">
        <test-method is-config="true" signature="Launch()[pri:0, instance:testmethod.Pharmeasy_footer1@383bfa16]" started-at="2023-05-25T17:34:32 IST" name="Launch" finished-at="2023-05-25T17:34:43 IST" duration-ms="10242" status="PASS">
          <reporter-output>
          </reporter-output>
        </test-method> <!-- Launch -->
        <test-method signature="Featured_categories()[pri:1, instance:testmethod.Pharmeasy_footer1@383bfa16]" started-at="2023-05-25T17:34:43 IST" name="Featured_categories" finished-at="2023-05-25T17:34:43 IST" duration-ms="119" status="PASS">
          <reporter-output>
          </reporter-output>
        </test-method> <!-- Featured_categories -->
        <test-method signature="Topproducts()[pri:2, instance:testmethod.Pharmeasy_footer1@383bfa16]" started-at="2023-05-25T17:34:43 IST" name="Topproducts" finished-at="2023-05-25T17:34:46 IST" duration-ms="3138" status="PASS">
          <reporter-output>
          </reporter-output>
        </test-method> <!-- Topproducts -->
        <test-method signature="Homet()[pri:3, instance:testmethod.Pharmeasy_footer1@383bfa16]" started-at="2023-05-25T17:34:46 IST" name="Homet" finished-at="2023-05-25T17:34:48 IST" duration-ms="2346" status="PASS">
          <reporter-output>
          </reporter-output>
        </test-method> <!-- Homet -->
        <test-method signature="Megasale()[pri:4, instance:testmethod.Pharmeasy_footer1@383bfa16]" started-at="2023-05-25T17:34:48 IST" name="Megasale" finished-at="2023-05-25T17:34:52 IST" duration-ms="4036" status="PASS">
          <reporter-output>
          </reporter-output>
        </test-method> <!-- Megasale -->
        <test-method signature="Healthfood()[pri:5, instance:testmethod.Pharmeasy_footer1@383bfa16]" started-at="2023-05-25T17:34:52 IST" name="Healthfood" finished-at="2023-05-25T17:34:58 IST" duration-ms="5974" status="PASS">
          <reporter-output>
          </reporter-output>
        </test-method> <!-- Healthfood -->
        <test-method signature="Homecare()[pri:6, instance:testmethod.Pharmeasy_footer1@383bfa16]" started-at="2023-05-25T17:34:58 IST" name="Homecare" finished-at="2023-05-25T17:35:05 IST" duration-ms="6806" status="PASS">
          <reporter-output>
          </reporter-output>
        </test-method> <!-- Homecare -->
        <test-method signature="Mothercare()[pri:7, instance:testmethod.Pharmeasy_footer1@383bfa16]" started-at="2023-05-25T17:35:05 IST" name="Mothercare" finished-at="2023-05-25T17:35:11 IST" duration-ms="6337" status="PASS">
          <reporter-output>
          </reporter-output>
        </test-method> <!-- Mothercare -->
        <test-method signature="Diabeticcare()[pri:8, instance:testmethod.Pharmeasy_footer1@383bfa16]" started-at="2023-05-25T17:35:11 IST" name="Diabeticcare" finished-at="2023-05-25T17:35:16 IST" duration-ms="4662" status="PASS">
          <reporter-output>
          </reporter-output>
        </test-method> <!-- Diabeticcare -->
        <test-method signature="Accessories()[pri:9, instance:testmethod.Pharmeasy_footer1@383bfa16]" started-at="2023-05-25T17:35:16 IST" name="Accessories" finished-at="2023-05-25T17:35:21 IST" duration-ms="4981" status="PASS">
          <reporter-output>
          </reporter-output>
        </test-method> <!-- Accessories -->
        <test-method signature="Ayurvediccare()[pri:10, instance:testmethod.Pharmeasy_footer1@383bfa16]" started-at="2023-05-25T17:35:21 IST" name="Ayurvediccare" finished-at="2023-05-25T17:35:31 IST" duration-ms="10337" status="PASS">
          <reporter-output>
          </reporter-output>
        </test-method> <!-- Ayurvediccare -->
        <test-method signature="Elderlycare()[pri:11, instance:testmethod.Pharmeasy_footer1@383bfa16]" started-at="2023-05-25T17:35:31 IST" name="Elderlycare" finished-at="2023-05-25T17:35:40 IST" duration-ms="8636" status="PASS">
          <reporter-output>
          </reporter-output>
        </test-method> <!-- Elderlycare -->
        <test-method signature="Need_help()[pri:12, instance:testmethod.Pharmeasy_footer1@383bfa16]" started-at="2023-05-25T17:35:40 IST" name="Need_help" finished-at="2023-05-25T17:35:40 IST" duration-ms="64" status="PASS">
          <reporter-output>
          </reporter-output>
        </test-method> <!-- Need_help -->
        <test-method signature="Browseall_medicine()[pri:13, instance:testmethod.Pharmeasy_footer1@383bfa16]" started-at="2023-05-25T17:35:40 IST" name="Browseall_medicine" finished-at="2023-05-25T17:35:42 IST" duration-ms="2335" status="PASS">
          <reporter-output>
          </reporter-output>
        </test-method> <!-- Browseall_medicine -->
        <test-method signature="Browseall_medicineB()[pri:14, instance:testmethod.Pharmeasy_footer1@383bfa16]" started-at="2023-05-25T17:35:42 IST" name="Browseall_medicineB" finished-at="2023-05-25T17:35:45 IST" duration-ms="2140" status="PASS">
          <reporter-output>
          </reporter-output>
        </test-method> <!-- Browseall_medicineB -->
        <test-method signature="Browseall_medicineC()[pri:15, instance:testmethod.Pharmeasy_footer1@383bfa16]" started-at="2023-05-25T17:35:45 IST" name="Browseall_medicineC" finished-at="2023-05-25T17:35:47 IST" duration-ms="2116" status="PASS">
          <reporter-output>
          </reporter-output>
        </test-method> <!-- Browseall_medicineC -->
        <test-method signature="Browseall_medicineK()[pri:16, instance:testmethod.Pharmeasy_footer1@383bfa16]" started-at="2023-05-25T17:35:47 IST" name="Browseall_medicineK" finished-at="2023-05-25T17:35:49 IST" duration-ms="2124" status="PASS">
          <reporter-output>
          </reporter-output>
        </test-method> <!-- Browseall_medicineK -->
        <test-method signature="Browseall_medicineR()[pri:17, instance:testmethod.Pharmeasy_footer1@383bfa16]" started-at="2023-05-25T17:35:49 IST" name="Browseall_medicineR" finished-at="2023-05-25T17:35:51 IST" duration-ms="2110" status="PASS">
          <reporter-output>
          </reporter-output>
        </test-method> <!-- Browseall_medicineR -->
        <test-method signature="Browseall_medicineX()[pri:18, instance:testmethod.Pharmeasy_footer1@383bfa16]" started-at="2023-05-25T17:35:51 IST" name="Browseall_medicineX" finished-at="2023-05-25T17:35:53 IST" duration-ms="2126" status="PASS">
          <reporter-output>
          </reporter-output>
        </test-method> <!-- Browseall_medicineX -->
        <test-method signature="Browseall_medicineLast()[pri:19, instance:testmethod.Pharmeasy_footer1@383bfa16]" started-at="2023-05-25T17:35:53 IST" name="Browseall_medicineLast" finished-at="2023-05-25T17:35:55 IST" duration-ms="2121" status="PASS">
          <reporter-output>
          </reporter-output>
        </test-method> <!-- Browseall_medicineLast -->
        <test-method signature="Browseall_molecules()[pri:20, instance:testmethod.Pharmeasy_footer1@383bfa16]" started-at="2023-05-25T17:35:55 IST" name="Browseall_molecules" finished-at="2023-05-25T17:35:57 IST" duration-ms="1961" status="PASS">
          <reporter-output>
          </reporter-output>
        </test-method> <!-- Browseall_molecules -->
        <test-method signature="Browseall_moleculesE()[pri:21, instance:testmethod.Pharmeasy_footer1@383bfa16]" started-at="2023-05-25T17:35:57 IST" name="Browseall_moleculesE" finished-at="2023-05-25T17:35:59 IST" duration-ms="2117" status="PASS">
          <reporter-output>
          </reporter-output>
        </test-method> <!-- Browseall_moleculesE -->
        <test-method signature="Browseall_moleculesH()[pri:22, instance:testmethod.Pharmeasy_footer1@383bfa16]" started-at="2023-05-25T17:35:59 IST" name="Browseall_moleculesH" finished-at="2023-05-25T17:36:01 IST" duration-ms="2133" status="PASS">
          <reporter-output>
          </reporter-output>
        </test-method> <!-- Browseall_moleculesH -->
        <test-method signature="Browseall_moleculesM()[pri:23, instance:testmethod.Pharmeasy_footer1@383bfa16]" started-at="2023-05-25T17:36:01 IST" name="Browseall_moleculesM" finished-at="2023-05-25T17:36:03 IST" duration-ms="2106" status="PASS">
          <reporter-output>
          </reporter-output>
        </test-method> <!-- Browseall_moleculesM -->
        <test-method signature="Browseall_moleculesS()[pri:24, instance:testmethod.Pharmeasy_footer1@383bfa16]" started-at="2023-05-25T17:36:03 IST" name="Browseall_moleculesS" finished-at="2023-05-25T17:36:06 IST" duration-ms="2130" status="PASS">
          <reporter-output>
          </reporter-output>
        </test-method> <!-- Browseall_moleculesS -->
        <test-method signature="Browseall_cities()[pri:25, instance:testmethod.Pharmeasy_footer1@383bfa16]" started-at="2023-05-25T17:36:06 IST" name="Browseall_cities" finished-at="2023-05-25T17:36:08 IST" duration-ms="2103" status="PASS">
          <reporter-output>
          </reporter-output>
        </test-method> <!-- Browseall_cities -->
        <test-method signature="Mumbai()[pri:26, instance:testmethod.Pharmeasy_footer1@383bfa16]" started-at="2023-05-25T17:36:08 IST" name="Mumbai" finished-at="2023-05-25T17:36:10 IST" duration-ms="2294" status="PASS">
          <reporter-output>
          </reporter-output>
        </test-method> <!-- Mumbai -->
        <test-method signature="Delhi()[pri:27, instance:testmethod.Pharmeasy_footer1@383bfa16]" started-at="2023-05-25T17:36:10 IST" name="Delhi" finished-at="2023-05-25T17:36:12 IST" duration-ms="2274" status="PASS">
          <reporter-output>
          </reporter-output>
        </test-method> <!-- Delhi -->
        <test-method signature="Chennai()[pri:28, instance:testmethod.Pharmeasy_footer1@383bfa16]" started-at="2023-05-25T17:36:12 IST" name="Chennai" finished-at="2023-05-25T17:36:15 IST" duration-ms="2289" status="PASS">
          <reporter-output>
          </reporter-output>
        </test-method> <!-- Chennai -->
        <test-method signature="Nagpur()[pri:29, instance:testmethod.Pharmeasy_footer1@383bfa16]" started-at="2023-05-25T17:36:15 IST" name="Nagpur" finished-at="2023-05-25T17:36:17 IST" duration-ms="2243" status="PASS">
          <reporter-output>
          </reporter-output>
        </test-method> <!-- Nagpur -->
        <test-method signature="Browseall_stories()[pri:30, instance:testmethod.Pharmeasy_footer1@383bfa16]" started-at="2023-05-25T17:36:17 IST" name="Browseall_stories" finished-at="2023-05-25T17:36:21 IST" duration-ms="3845" status="PASS">
          <reporter-output>
          </reporter-output>
        </test-method> <!-- Browseall_stories -->
        <test-method signature="Store_near()[pri:31, instance:testmethod.Pharmeasy_footer1@383bfa16]" started-at="2023-05-25T17:36:21 IST" name="Store_near" finished-at="2023-05-25T17:36:22 IST" duration-ms="1052" status="PASS">
          <reporter-output>
          </reporter-output>
        </test-method> <!-- Store_near -->
        <test-method signature="View_map()[pri:32, instance:testmethod.Pharmeasy_footer1@383bfa16]" started-at="2023-05-25T17:36:22 IST" name="View_map" finished-at="2023-05-25T17:36:23 IST" duration-ms="1103" status="PASS">
          <reporter-output>
          </reporter-output>
        </test-method> <!-- View_map -->
        <test-method is-config="true" signature="close()[pri:0, instance:testmethod.Pharmeasy_footer1@383bfa16]" started-at="2023-05-25T17:36:23 IST" name="close" finished-at="2023-05-25T17:36:23 IST" duration-ms="306" status="PASS">
          <reporter-output>
          </reporter-output>
        </test-method> <!-- close -->
      </class> <!-- testmethod.Pharmeasy_footer1 -->
    </test> <!-- Surefire test -->
  </suite> <!-- Surefire suite -->
</testng-results>
